{"level":"INFO","time":"[geak]2021/05/17 - 16:04:56.713","caller":"lottery/lottery.go:66","msg":"results:","results":[{"code":"2021053"}]}
{"level":"INFO","time":"[geak]2021/05/17 - 16:11:48.532","caller":"lottery/lottery.go:80","msg":"results:","results":[{"name":"双色球","code":"2021053","date":"2021-05-16","red":["07","10","14","16","24","33"],"blue":["16",""],"sales":398009388,"poolMoney":473183576,"firstCount":3,"firstMoney":10000000,"secondCount":84,"secondMoney":355480,"thirdCount":1096,"thirdMoney":3000}]}
{"level":"INFO","time":"[geak]2021/05/17 - 16:46:03.320","caller":"grpc/lottery.go:52","msg":"err"}
{"level":"INFO","time":"[geak]2021/05/17 - 16:46:04.785","caller":"grpc/lottery.go:52","msg":"err"}
{"level":"INFO","time":"[geak]2021/05/17 - 16:46:06.279","caller":"grpc/lottery.go:52","msg":"err"}
{"level":"INFO","time":"[geak]2021/05/17 - 16:46:09.130","caller":"grpc/lottery.go:52","msg":"err"}
{"level":"INFO","time":"[geak]2021/05/17 - 16:46:49.409","caller":"grpc/lottery.go:53","msg":"err","code":1002002}
{"level":"INFO","time":"[geak]2021/05/17 - 16:48:45.820","caller":"grpc/lottery.go:45","msg":"大乐透暂不支持"}
{"level":"INFO","time":"[geak]2021/05/17 - 16:48:45.823","caller":"grpc/lottery.go:53","msg":"err","code":1002003}
{"level":"INFO","time":"[geak]2021/05/17 - 16:48:46.814","caller":"grpc/lottery.go:45","msg":"大乐透暂不支持"}
{"level":"INFO","time":"[geak]2021/05/17 - 16:48:46.814","caller":"grpc/lottery.go:53","msg":"err","code":1002003}
{"level":"INFO","time":"[geak]2021/05/17 - 16:50:37.118","caller":"grpc/lottery.go:45","msg":"大乐透暂不支持"}
{"level":"INFO","time":"[geak]2021/05/17 - 16:50:37.119","caller":"grpc/lottery.go:53","msg":"err","code":1002003}
{"level":"INFO","time":"[geak]2021/05/17 - 16:54:22.953","caller":"grpc/lottery.go:45","msg":"大乐透暂不支持"}
{"level":"INFO","time":"[geak]2021/05/17 - 16:54:22.953","caller":"grpc/lottery.go:53","msg":"err","code":1002003}
{"level":"INFO","time":"[geak]2021/05/17 - 16:55:09.466","caller":"grpc/lottery.go:41","msg":"reponse","ssq":"type:1 name:\"双色球\" code:\"2021053\" date:\"2021-05-16\" red:\"07\" red:\"10\" red:\"14\" red:\"16\" red:\"24\" red:\"33\" blue:\"16\" blue:\"\" sales:398009388 poolMoney:473183576 firstCount:3 firstMoney:10000000 secondCount:84 secondMoney:355480 thirdCount:1096 thirdMoney:3000"}
{"level":"INFO","time":"[geak]2021/05/17 - 16:55:09.488","caller":"grpc/lottery.go:46","msg":"大乐透暂不支持"}
{"level":"INFO","time":"[geak]2021/05/17 - 16:55:09.488","caller":"grpc/lottery.go:54","msg":"err","code":1002003}
{"level":"INFO","time":"[geak]2021/05/17 - 16:59:12.111","caller":"grpc/lottery.go:41","msg":"reponse","ssq":"type:1 name:\"双色球\" code:\"2021053\" date:\"2021-05-16\" red:\"07\" red:\"10\" red:\"14\" red:\"16\" red:\"24\" red:\"33\" blue:\"16\" blue:\"\" sales:398009388 poolMoney:473183576 firstCount:3 firstMoney:10000000 secondCount:84 secondMoney:355480 thirdCount:1096 thirdMoney:3000"}
{"level":"INFO","time":"[geak]2021/05/17 - 17:03:18.438","caller":"grpc/lottery.go:41","msg":"reponse","ssq":"type:1 name:\"双色球\" code:\"2021053\" date:\"2021-05-16\" red:\"07\" red:\"10\" red:\"14\" red:\"16\" red:\"24\" red:\"33\" blue:\"16\" blue:\"\" sales:398009388 poolMoney:473183576 firstCount:3 firstMoney:10000000 secondCount:84 secondMoney:355480 thirdCount:1096 thirdMoney:3000"}
{"level":"INFO","time":"[geak]2021/05/17 - 17:04:37.899","caller":"grpc/lottery.go:41","msg":"reponse","ssq":"type:1 name:\"双色球\" code:\"2021053\" date:\"2021-05-16\" red:\"07\" red:\"10\" red:\"14\" red:\"16\" red:\"24\" red:\"33\" blue:\"16\" blue:\"\" sales:398009388 poolMoney:473183576 firstCount:3 firstMoney:10000000 secondCount:84 secondMoney:355480 thirdCount:1096 thirdMoney:3000"}
{"level":"INFO","time":"[geak]2021/05/17 - 17:04:37.921","caller":"grpc/lottery.go:41","msg":"reponse","ssq":"type:1 name:\"双色球\" code:\"2021053\" date:\"2021-05-16\" red:\"07\" red:\"10\" red:\"14\" red:\"16\" red:\"24\" red:\"33\" blue:\"16\" blue:\"\" sales:398009388 poolMoney:473183576 firstCount:3 firstMoney:10000000 secondCount:84 secondMoney:355480 thirdCount:1096 thirdMoney:3000"}
{"level":"INFO","time":"[geak]2021/05/17 - 17:05:15.898","caller":"grpc/lottery.go:41","msg":"reponse","ssq":"type:1 name:\"双色球\" code:\"2021053\" date:\"2021-05-16\" red:\"07\" red:\"10\" red:\"14\" red:\"16\" red:\"24\" red:\"33\" blue:\"16\" blue:\"\" sales:398009388 poolMoney:473183576 firstCount:3 firstMoney:10000000 secondCount:84 secondMoney:355480 thirdCount:1096 thirdMoney:3000"}
{"level":"INFO","time":"[geak]2021/05/17 - 17:05:15.935","caller":"grpc/lottery.go:41","msg":"reponse","ssq":"type:1 name:\"双色球\" code:\"2021053\" date:\"2021-05-16\" red:\"07\" red:\"10\" red:\"14\" red:\"16\" red:\"24\" red:\"33\" blue:\"16\" blue:\"\" sales:398009388 poolMoney:473183576 firstCount:3 firstMoney:10000000 secondCount:84 secondMoney:355480 thirdCount:1096 thirdMoney:3000"}
{"level":"INFO","time":"[geak]2021/05/17 - 17:05:52.883","caller":"grpc/lottery.go:41","msg":"reponse","ssq":"type:1 name:\"双色球\" code:\"2021053\" date:\"2021-05-16\" red:\"07\" red:\"10\" red:\"14\" red:\"16\" red:\"24\" red:\"33\" blue:\"16\" blue:\"\" sales:398009388 poolMoney:473183576 firstCount:3 firstMoney:10000000 secondCount:84 secondMoney:355480 thirdCount:1096 thirdMoney:3000"}
{"level":"INFO","time":"[geak]2021/05/17 - 17:05:52.947","caller":"grpc/lottery.go:41","msg":"reponse","ssq":"type:1 name:\"双色球\" code:\"2021053\" date:\"2021-05-16\" red:\"07\" red:\"10\" red:\"14\" red:\"16\" red:\"24\" red:\"33\" blue:\"16\" blue:\"\" sales:398009388 poolMoney:473183576 firstCount:3 firstMoney:10000000 secondCount:84 secondMoney:355480 thirdCount:1096 thirdMoney:3000"}
{"level":"INFO","time":"[geak]2021/05/17 - 17:06:09.169","caller":"grpc/lottery.go:41","msg":"reponse","ssq":"type:1 name:\"双色球\" code:\"2021053\" date:\"2021-05-16\" red:\"07\" red:\"10\" red:\"14\" red:\"16\" red:\"24\" red:\"33\" blue:\"16\" blue:\"\" sales:398009388 poolMoney:473183576 firstCount:3 firstMoney:10000000 secondCount:84 secondMoney:355480 thirdCount:1096 thirdMoney:3000"}
{"level":"INFO","time":"[geak]2021/05/17 - 17:06:46.941","caller":"grpc/lottery.go:41","msg":"reponse","ssq":"type:1 name:\"双色球\" code:\"2021053\" date:\"2021-05-16\" red:\"07\" red:\"10\" red:\"14\" red:\"16\" red:\"24\" red:\"33\" blue:\"16\" blue:\"\" sales:398009388 poolMoney:473183576 firstCount:3 firstMoney:10000000 secondCount:84 secondMoney:355480 thirdCount:1096 thirdMoney:3000"}
{"level":"INFO","time":"[geak]2021/05/17 - 17:06:46.986","caller":"grpc/lottery.go:41","msg":"reponse","ssq":"type:1 name:\"双色球\" code:\"2021053\" date:\"2021-05-16\" red:\"07\" red:\"10\" red:\"14\" red:\"16\" red:\"24\" red:\"33\" blue:\"16\" blue:\"\" sales:398009388 poolMoney:473183576 firstCount:3 firstMoney:10000000 secondCount:84 secondMoney:355480 thirdCount:1096 thirdMoney:3000"}
{"level":"INFO","time":"[geak]2021/05/17 - 17:09:02.409","caller":"grpc/lottery.go:41","msg":"reponse","ssq":"type:1 name:\"双色球\" code:\"2021053\" date:\"2021-05-16\" red:\"07\" red:\"10\" red:\"14\" red:\"16\" red:\"24\" red:\"33\" blue:\"16\" blue:\"\" sales:398009388 poolMoney:473183576 firstCount:3 firstMoney:10000000 secondCount:84 secondMoney:355480 thirdCount:1096 thirdMoney:3000"}
{"level":"INFO","time":"[geak]2021/05/17 - 17:09:02.447","caller":"grpc/lottery.go:41","msg":"reponse","ssq":"type:1 name:\"双色球\" code:\"2021053\" date:\"2021-05-16\" red:\"07\" red:\"10\" red:\"14\" red:\"16\" red:\"24\" red:\"33\" blue:\"16\" blue:\"\" sales:398009388 poolMoney:473183576 firstCount:3 firstMoney:10000000 secondCount:84 secondMoney:355480 thirdCount:1096 thirdMoney:3000"}
{"level":"INFO","time":"[geak]2021/05/17 - 17:10:27.403","caller":"grpc/lottery.go:41","msg":"reponse","ssq":"name:\"双色球\" code:\"2021053\" date:\"2021-05-16\" red:\"07\" red:\"10\" red:\"14\" red:\"16\" red:\"24\" red:\"33\" blue:\"16\" blue:\"\" sales:398009388 poolMoney:473183576 firstCount:3 firstMoney:10000000 secondCount:84 secondMoney:355480 thirdCount:1096 thirdMoney:3000"}
{"level":"INFO","time":"[geak]2021/05/17 - 17:10:27.427","caller":"grpc/lottery.go:41","msg":"reponse","ssq":"name:\"双色球\" code:\"2021053\" date:\"2021-05-16\" red:\"07\" red:\"10\" red:\"14\" red:\"16\" red:\"24\" red:\"33\" blue:\"16\" blue:\"\" sales:398009388 poolMoney:473183576 firstCount:3 firstMoney:10000000 secondCount:84 secondMoney:355480 thirdCount:1096 thirdMoney:3000"}
{"level":"INFO","time":"[geak]2021/05/17 - 17:12:36.417","caller":"grpc/lottery.go:41","msg":"reponse","ssq":"name:\"双色球\" code:\"2021053\" date:\"2021-05-16\" red:\"07\" red:\"10\" red:\"14\" red:\"16\" red:\"24\" red:\"33\" blue:\"16\" blue:\"\" sales:398009388 poolMoney:473183576 firstCount:3 firstMoney:10000000 secondCount:84 secondMoney:355480 thirdCount:1096 thirdMoney:3000"}
{"level":"INFO","time":"[geak]2021/05/17 - 17:12:36.443","caller":"grpc/lottery.go:46","msg":"大乐透暂不支持"}
{"level":"INFO","time":"[geak]2021/05/17 - 17:12:36.443","caller":"grpc/lottery.go:54","msg":"err","code":1002003}
{"level":"INFO","time":"[geak]2021/05/17 - 17:13:43.598","caller":"grpc/lottery.go:41","msg":"reponse","ssq":"name:\"双色球\" code:\"2021053\" date:\"2021-05-16\" red:\"07\" red:\"10\" red:\"14\" red:\"16\" red:\"24\" red:\"33\" blue:\"16\" blue:\"\" sales:398009388 poolMoney:473183576 firstCount:3 firstMoney:10000000 secondCount:84 secondMoney:355480 thirdCount:1096 thirdMoney:3000"}
{"level":"INFO","time":"[geak]2021/05/17 - 17:13:43.621","caller":"grpc/lottery.go:46","msg":"大乐透暂不支持"}
{"level":"INFO","time":"[geak]2021/05/17 - 17:13:43.621","caller":"grpc/lottery.go:54","msg":"err","code":1002003}
{"level":"INFO","time":"[geak]2021/05/17 - 17:14:07.815","caller":"grpc/lottery.go:41","msg":"reponse","ssq":"name:\"双色球\" code:\"2021053\" date:\"2021-05-16\" red:\"07\" red:\"10\" red:\"14\" red:\"16\" red:\"24\" red:\"33\" blue:\"16\" blue:\"\" sales:398009388 poolMoney:473183576 firstCount:3 firstMoney:10000000 secondCount:84 secondMoney:355480 thirdCount:1096 thirdMoney:3000"}
{"level":"INFO","time":"[geak]2021/05/17 - 17:14:07.833","caller":"grpc/lottery.go:46","msg":"大乐透暂不支持"}
{"level":"INFO","time":"[geak]2021/05/17 - 17:14:07.834","caller":"grpc/lottery.go:54","msg":"err","code":1002003}
{"level":"INFO","time":"[geak]2021/05/17 - 17:14:25.796","caller":"grpc/lottery.go:41","msg":"reponse","ssq":"name:\"双色球\" code:\"2021053\" date:\"2021-05-16\" red:\"07\" red:\"10\" red:\"14\" red:\"16\" red:\"24\" red:\"33\" blue:\"16\" blue:\"\" sales:398009388 poolMoney:473183576 firstCount:3 firstMoney:10000000 secondCount:84 secondMoney:355480 thirdCount:1096 thirdMoney:3000"}
{"level":"INFO","time":"[geak]2021/05/17 - 17:14:25.838","caller":"grpc/lottery.go:46","msg":"大乐透暂不支持"}
{"level":"INFO","time":"[geak]2021/05/17 - 17:14:25.839","caller":"grpc/lottery.go:54","msg":"err","code":1002003}
{"level":"INFO","time":"[geak]2021/05/17 - 17:26:40.374","caller":"grpc/lottery.go:41","msg":"reponse","ssq":"name:\"双色球\" code:\"2021053\" date:\"2021-05-16\" red:\"07\" red:\"10\" red:\"14\" red:\"16\" red:\"24\" red:\"33\" blue:\"16\" blue:\"\" sales:398009388 poolMoney:473183576 firstCount:3 firstMoney:10000000 secondCount:84 secondMoney:355480 thirdCount:1096 thirdMoney:3000"}
{"level":"INFO","time":"[geak]2021/05/17 - 17:26:40.401","caller":"grpc/lottery.go:46","msg":"大乐透暂不支持"}
{"level":"INFO","time":"[geak]2021/05/17 - 17:26:40.401","caller":"grpc/lottery.go:54","msg":"err","code":1002003}
{"level":"INFO","time":"[geak]2021/05/17 - 17:29:40.839","caller":"grpc/lottery.go:41","msg":"reponse","ssq":"name:\"双色球\" code:\"2021053\" date:\"2021-05-16\" red:\"07\" red:\"10\" red:\"14\" red:\"16\" red:\"24\" red:\"33\" blue:\"16\" blue:\"\" sales:398009388 poolMoney:473183576 firstCount:3 firstMoney:10000000 secondCount:84 secondMoney:355480 thirdCount:1096 thirdMoney:3000"}
{"level":"INFO","time":"[geak]2021/05/17 - 17:29:40.857","caller":"grpc/lottery.go:46","msg":"大乐透暂不支持"}
{"level":"INFO","time":"[geak]2021/05/17 - 17:29:40.857","caller":"grpc/lottery.go:54","msg":"err","code":1002003}
{"level":"INFO","time":"[geak]2021/05/17 - 17:30:59.135","caller":"grpc/lottery.go:41","msg":"reponse","ssq":"name:\"双色球\" code:\"2021053\" date:\"2021-05-16\" red:\"07\" red:\"10\" red:\"14\" red:\"16\" red:\"24\" red:\"33\" blue:\"16\" blue:\"\" sales:398009388 poolMoney:473183576 firstCount:3 firstMoney:10000000 secondCount:84 secondMoney:355480 thirdCount:1096 thirdMoney:3000"}
{"level":"INFO","time":"[geak]2021/05/17 - 17:30:59.157","caller":"grpc/lottery.go:46","msg":"大乐透暂不支持"}
{"level":"INFO","time":"[geak]2021/05/17 - 17:30:59.157","caller":"grpc/lottery.go:54","msg":"err","code":1002003}
{"level":"INFO","time":"[geak]2021/05/17 - 17:31:48.400","caller":"grpc/lottery.go:41","msg":"reponse","ssq":"name:\"双色球\" code:\"2021053\" date:\"2021-05-16\" red:\"07\" red:\"10\" red:\"14\" red:\"16\" red:\"24\" red:\"33\" blue:\"16\" blue:\"\" sales:398009388 poolMoney:473183576 firstCount:3 firstMoney:10000000 secondCount:84 secondMoney:355480 thirdCount:1096 thirdMoney:3000"}
{"level":"INFO","time":"[geak]2021/05/17 - 17:31:48.428","caller":"grpc/lottery.go:46","msg":"大乐透暂不支持"}
{"level":"INFO","time":"[geak]2021/05/17 - 17:31:48.429","caller":"grpc/lottery.go:54","msg":"err","code":1002003}
{"level":"INFO","time":"[geak]2021/05/17 - 17:32:30.889","caller":"grpc/lottery.go:41","msg":"reponse","ssq":"name:\"双色球\" code:\"2021053\" date:\"2021-05-16\" red:\"07\" red:\"10\" red:\"14\" red:\"16\" red:\"24\" red:\"33\" blue:\"16\" blue:\"\" sales:398009388 poolMoney:473183576 firstCount:3 firstMoney:10000000 secondCount:84 secondMoney:355480 thirdCount:1096 thirdMoney:3000"}
{"level":"INFO","time":"[geak]2021/05/17 - 17:32:30.912","caller":"grpc/lottery.go:46","msg":"大乐透暂不支持"}
{"level":"INFO","time":"[geak]2021/05/17 - 17:32:30.912","caller":"grpc/lottery.go:54","msg":"err","code":1002003}
{"level":"INFO","time":"[geak]2021/05/17 - 17:32:57.247","caller":"grpc/lottery.go:41","msg":"reponse","ssq":"name:\"双色球\" code:\"2021053\" date:\"2021-05-16\" red:\"07\" red:\"10\" red:\"14\" red:\"16\" red:\"24\" red:\"33\" blue:\"16\" blue:\"\" sales:398009388 poolMoney:473183576 firstCount:3 firstMoney:10000000 secondCount:84 secondMoney:355480 thirdCount:1096 thirdMoney:3000"}
{"level":"INFO","time":"[geak]2021/05/17 - 17:32:57.281","caller":"grpc/lottery.go:46","msg":"大乐透暂不支持"}
{"level":"INFO","time":"[geak]2021/05/17 - 17:32:57.282","caller":"grpc/lottery.go:54","msg":"err","code":1002003}
